23:03:01 **** Rebuild of configuration Debug for project lkj ****
Info: Internal Builder is used for build
gcc -O0 -g3 -Wall -c -fmessage-length=0 -o "src\\lkj.o" "..\\src\\lkj.c" 
..\src\lkj.c: In function 'main':
..\src\lkj.c:21:9: warning: format '%d' expects argument of type 'int', but argument 2 has type 'long long unsigned int' [-Wformat=]
  printf("%d",sizeof(struct x));
         ^
gcc -o lkj.exe "src\\lkj.o" 
Info: Nothing to build for lkj
15:41:09 **** Build of configuration Debug for project Challenge_ADC_Interrupts ****
make all 
Building file: ../adc.c
Invoking: AVR Compiler
avr-gcc -Wall -g2 -gstabs -O0 -fpack-struct -fshort-enums -ffunction-sections -fdata-sections -std=gnu99 -funsigned-char -funsigned-bitfields -mmcu=atmega16 -DF_CPU=1000000UL -MMD -MP -MF"adc.d" -MT"adc.d" -c -o "adc.o" "../adc.c"
In file included from ../micro_config.h:22,
                 from ../adc.h:16,
                 from ../adc.c:13:
c:/winavr-20100110/lib/gcc/../../avr/include/util/delay.h:90:3: warning: #warning "Compiler optimizations disabled; functions from <util/delay.h> won't work as designed"
Finished building: ../adc.c
 
Building file: ../lcd.c
Invoking: AVR Compiler
avr-gcc -Wall -g2 -gstabs -O0 -fpack-struct -fshort-enums -ffunction-sections -fdata-sections -std=gnu99 -funsigned-char -funsigned-bitfields -mmcu=atmega16 -DF_CPU=1000000UL -MMD -MP -MF"lcd.d" -MT"lcd.d" -c -o "lcd.o" "../lcd.c"
In file included from ../micro_config.h:22,
                 from ../lcd.h:18,
                 from ../lcd.c:13:
c:/winavr-20100110/lib/gcc/../../avr/include/util/delay.h:90:3: warning: #warning "Compiler optimizations disabled; functions from <util/delay.h> won't work as designed"
../lcd.c: In function 'LCD_intgerToString':
../lcd.c:107: warning: implicit declaration of function 'itoa'
Finished building: ../lcd.c
 
Building file: ../temp_sensor.c
Invoking: AVR Compiler
avr-gcc -Wall -g2 -gstabs -O0 -fpack-struct -fshort-enums -ffunction-sections -fdata-sections -std=gnu99 -funsigned-char -funsigned-bitfields -mmcu=atmega16 -DF_CPU=1000000UL -MMD -MP -MF"temp_sensor.d" -MT"temp_sensor.d" -c -o "temp_sensor.o" "../temp_sensor.c"
In file included from ../micro_config.h:22,
                 from ../adc.h:16,
                 from ../temp_sensor.c:8:
c:/winavr-20100110/lib/gcc/../../avr/include/util/delay.h:90:3: warning: #warning "Compiler optimizations disabled; functions from <util/delay.h> won't work as designed"
Finished building: ../temp_sensor.c
 
Building target: Challenge_ADC_Interrupts.elf
Invoking: AVR C Linker
avr-gcc -Wl,-Map,Challenge_ADC_Interrupts.map -mmcu=atmega16 -o "Challenge_ADC_Interrupts.elf"  ./adc.o ./lcd.o ./temp_sensor.o   
Finished building target: Challenge_ADC_Interrupts.elf
 
Invoking: AVR Create Extended Listing
avr-objdump -h -S Challenge_ADC_Interrupts.elf  >"Challenge_ADC_Interrupts.lss"
Finished building: Challenge_ADC_Interrupts.lss
 
Invoking: Print Size
avr-size --format=avr --mcu=atmega16 Challenge_ADC_Interrupts.elf
AVR Memory Usage
----------------
Device: atmega16

Program:    6988 bytes (42.7% Full)
(.text + .data + .bootloader)

Data:        274 bytes (26.8% Full)
(.data + .bss + .noinit)


Finished building: sizedummy
 
15:41:10 **** Build of configuration Debug for project Potentiometer_Example ****
make all 
Building file: ../adc.c
Invoking: AVR Compiler
avr-gcc -Wall -g2 -gstabs -O0 -fpack-struct -fshort-enums -ffunction-sections -fdata-sections -std=gnu99 -funsigned-char -funsigned-bitfields -mmcu=atmega16 -DF_CPU=1000000UL -MMD -MP -MF"adc.d" -MT"adc.d" -c -o "adc.o" "../adc.c"
In file included from ../micro_config.h:22,
                 from ../adc.h:16,
                 from ../adc.c:13:
c:/winavr-20100110/lib/gcc/../../avr/include/util/delay.h:90:3: warning: #warning "Compiler optimizations disabled; functions from <util/delay.h> won't work as designed"
Finished building: ../adc.c
 
Building file: ../lcd.c
Invoking: AVR Compiler
avr-gcc -Wall -g2 -gstabs -O0 -fpack-struct -fshort-enums -ffunction-sections -fdata-sections -std=gnu99 -funsigned-char -funsigned-bitfields -mmcu=atmega16 -DF_CPU=1000000UL -MMD -MP -MF"lcd.d" -MT"lcd.d" -c -o "lcd.o" "../lcd.c"
In file included from ../micro_config.h:22,
                 from ../lcd.h:18,
                 from ../lcd.c:13:
c:/winavr-20100110/lib/gcc/../../avr/include/util/delay.h:90:3: warning: #warning "Compiler optimizations disabled; functions from <util/delay.h> won't work as designed"
../lcd.c: In function 'LCD_intgerToString':
../lcd.c:107: warning: implicit declaration of function 'itoa'
Finished building: ../lcd.c
 
Building file: ../potentiometer.c
Invoking: AVR Compiler
avr-gcc -Wall -g2 -gstabs -O0 -fpack-struct -fshort-enums -ffunction-sections -fdata-sections -std=gnu99 -funsigned-char -funsigned-bitfields -mmcu=atmega16 -DF_CPU=1000000UL -MMD -MP -MF"potentiometer.d" -MT"potentiometer.d" -c -o "potentiometer.o" "../potentiometer.c"
In file included from ../micro_config.h:22,
                 from ../adc.h:16,
                 from ../potentiometer.c:8:
c:/winavr-20100110/lib/gcc/../../avr/include/util/delay.h:90:3: warning: #warning "Compiler optimizations disabled; functions from <util/delay.h> won't work as designed"
Finished building: ../potentiometer.c
 
Building target: Potentiometer_Example.elf
Invoking: AVR C Linker
avr-gcc -Wl,-Map,Potentiometer_Example.map -mmcu=atmega16 -o "Potentiometer_Example.elf"  ./adc.o ./lcd.o ./potentiometer.o   
Finished building target: Potentiometer_Example.elf
 
Invoking: AVR Create Extended Listing
avr-objdump -h -S Potentiometer_Example.elf  >"Potentiometer_Example.lss"
Finished building: Potentiometer_Example.lss
 
Invoking: Print Size
avr-size --format=avr --mcu=atmega16 Potentiometer_Example.elf
AVR Memory Usage
----------------
Device: atmega16

Program:    5780 bytes (35.3% Full)
(.text + .data + .bootloader)

Data:         22 bytes (2.1% Full)
(.data + .bss + .noinit)


Finished building: sizedummy
 
15:41:11 **** Build of configuration Debug for project Temp_Sensor_Example ****
make all 
Invoking: Print Size
avr-size --format=avr --mcu=atmega16 Temp_Sensor_Example.elf
AVR Memory Usage
----------------
Device: atmega16

Program:    6942 bytes (42.4% Full)
(.text + .data + .bootloader)

Data:        272 bytes (26.6% Full)
(.data + .bss + .noinit)


Finished building: sizedummy
 
22:13:53 **** Build of configuration Debug for project Challenge_ADC_Interrupts ****
make all 
Building file: ../adc.c
Invoking: AVR Compiler
avr-gcc -Wall -g2 -gstabs -O0 -fpack-struct -fshort-enums -ffunction-sections -fdata-sections -std=gnu99 -funsigned-char -funsigned-bitfields -mmcu=atmega16 -DF_CPU=1000000UL -MMD -MP -MF"adc.d" -MT"adc.d" -c -o "adc.o" "../adc.c"
In file included from ../micro_config.h:22,
                 from ../adc.h:16,
                 from ../adc.c:13:
c:/winavr-20100110/lib/gcc/../../avr/include/util/delay.h:90:3: warning: #warning "Compiler optimizations disabled; functions from <util/delay.h> won't work as designed"
Finished building: ../adc.c
 
Building file: ../lcd.c
Invoking: AVR Compiler
avr-gcc -Wall -g2 -gstabs -O0 -fpack-struct -fshort-enums -ffunction-sections -fdata-sections -std=gnu99 -funsigned-char -funsigned-bitfields -mmcu=atmega16 -DF_CPU=1000000UL -MMD -MP -MF"lcd.d" -MT"lcd.d" -c -o "lcd.o" "../lcd.c"
In file included from ../micro_config.h:22,
                 from ../lcd.h:18,
                 from ../lcd.c:13:
c:/winavr-20100110/lib/gcc/../../avr/include/util/delay.h:90:3: warning: #warning "Compiler optimizations disabled; functions from <util/delay.h> won't work as designed"
../lcd.c: In function 'LCD_intgerToString':
../lcd.c:107: warning: implicit declaration of function 'itoa'
Finished building: ../lcd.c
 
Building file: ../temp_sensor.c
Invoking: AVR Compiler
avr-gcc -Wall -g2 -gstabs -O0 -fpack-struct -fshort-enums -ffunction-sections -fdata-sections -std=gnu99 -funsigned-char -funsigned-bitfields -mmcu=atmega16 -DF_CPU=1000000UL -MMD -MP -MF"temp_sensor.d" -MT"temp_sensor.d" -c -o "temp_sensor.o" "../temp_sensor.c"
In file included from ../micro_config.h:22,
                 from ../adc.h:16,
                 from ../temp_sensor.c:8:
c:/winavr-20100110/lib/gcc/../../avr/include/util/delay.h:90:3: warning: #warning "Compiler optimizations disabled; functions from <util/delay.h> won't work as designed"
Finished building: ../temp_sensor.c
 
Building target: Challenge_ADC_Interrupts.elf
Invoking: AVR C Linker
avr-gcc -Wl,-Map,Challenge_ADC_Interrupts.map -mmcu=atmega16 -o "Challenge_ADC_Interrupts.elf"  ./adc.o ./lcd.o ./temp_sensor.o   
Finished building target: Challenge_ADC_Interrupts.elf
 
Invoking: AVR Create Extended Listing
avr-objdump -h -S Challenge_ADC_Interrupts.elf  >"Challenge_ADC_Interrupts.lss"
Finished building: Challenge_ADC_Interrupts.lss
 
Invoking: Print Size
avr-size --format=avr --mcu=atmega16 Challenge_ADC_Interrupts.elf
AVR Memory Usage
----------------
Device: atmega16

Program:    6988 bytes (42.7% Full)
(.text + .data + .bootloader)

Data:        274 bytes (26.8% Full)
(.data + .bss + .noinit)


Finished building: sizedummy
 
22:13:54 **** Build of configuration Debug for project Potentiometer_Example ****
make all 
Building file: ../adc.c
Invoking: AVR Compiler
avr-gcc -Wall -g2 -gstabs -O0 -fpack-struct -fshort-enums -ffunction-sections -fdata-sections -std=gnu99 -funsigned-char -funsigned-bitfields -mmcu=atmega16 -DF_CPU=1000000UL -MMD -MP -MF"adc.d" -MT"adc.d" -c -o "adc.o" "../adc.c"
In file included from ../micro_config.h:22,
                 from ../adc.h:16,
                 from ../adc.c:13:
c:/winavr-20100110/lib/gcc/../../avr/include/util/delay.h:90:3: warning: #warning "Compiler optimizations disabled; functions from <util/delay.h> won't work as designed"
Finished building: ../adc.c
 
Building file: ../lcd.c
Invoking: AVR Compiler
avr-gcc -Wall -g2 -gstabs -O0 -fpack-struct -fshort-enums -ffunction-sections -fdata-sections -std=gnu99 -funsigned-char -funsigned-bitfields -mmcu=atmega16 -DF_CPU=1000000UL -MMD -MP -MF"lcd.d" -MT"lcd.d" -c -o "lcd.o" "../lcd.c"
In file included from ../micro_config.h:22,
                 from ../lcd.h:18,
                 from ../lcd.c:13:
c:/winavr-20100110/lib/gcc/../../avr/include/util/delay.h:90:3: warning: #warning "Compiler optimizations disabled; functions from <util/delay.h> won't work as designed"
../lcd.c: In function 'LCD_intgerToString':
../lcd.c:107: warning: implicit declaration of function 'itoa'
Finished building: ../lcd.c
 
Building file: ../potentiometer.c
Invoking: AVR Compiler
avr-gcc -Wall -g2 -gstabs -O0 -fpack-struct -fshort-enums -ffunction-sections -fdata-sections -std=gnu99 -funsigned-char -funsigned-bitfields -mmcu=atmega16 -DF_CPU=1000000UL -MMD -MP -MF"potentiometer.d" -MT"potentiometer.d" -c -o "potentiometer.o" "../potentiometer.c"
In file included from ../micro_config.h:22,
                 from ../adc.h:16,
                 from ../potentiometer.c:8:
c:/winavr-20100110/lib/gcc/../../avr/include/util/delay.h:90:3: warning: #warning "Compiler optimizations disabled; functions from <util/delay.h> won't work as designed"
Finished building: ../potentiometer.c
 
Building target: Potentiometer_Example.elf
Invoking: AVR C Linker
avr-gcc -Wl,-Map,Potentiometer_Example.map -mmcu=atmega16 -o "Potentiometer_Example.elf"  ./adc.o ./lcd.o ./potentiometer.o   
Finished building target: Potentiometer_Example.elf
 
Invoking: AVR Create Extended Listing
avr-objdump -h -S Potentiometer_Example.elf  >"Potentiometer_Example.lss"
Finished building: Potentiometer_Example.lss
 
Invoking: Print Size
avr-size --format=avr --mcu=atmega16 Potentiometer_Example.elf
AVR Memory Usage
----------------
Device: atmega16

Program:    5780 bytes (35.3% Full)
(.text + .data + .bootloader)

Data:         22 bytes (2.1% Full)
(.data + .bss + .noinit)


Finished building: sizedummy
 
22:13:55 **** Build of configuration Debug for project Temp_Sensor_Example ****
make all 
Invoking: Print Size
avr-size --format=avr --mcu=atmega16 Temp_Sensor_Example.elf
AVR Memory Usage
----------------
Device: atmega16

Program:    6942 bytes (42.4% Full)
(.text + .data + .bootloader)

Data:        272 bytes (26.6% Full)
(.data + .bss + .noinit)


Finished building: sizedummy
 
01:16:35 **** Incremental Build of configuration Debug for project Challenge_ADC_Interrupts ****
make all 
Building file: ../adc.c
Invoking: AVR Compiler
avr-gcc -Wall -g2 -gstabs -O0 -fpack-struct -fshort-enums -ffunction-sections -fdata-sections -std=gnu99 -funsigned-char -funsigned-bitfields -mmcu=atmega16 -DF_CPU=1000000UL -MMD -MP -MF"adc.d" -MT"adc.d" -c -o "adc.o" "../adc.c"
In file included from ../micro_config.h:22,
                 from ../adc.h:16,
                 from ../adc.c:13:
c:/winavr-20100110/lib/gcc/../../avr/include/util/delay.h:90:3: warning: #warning "Compiler optimizations disabled; functions from <util/delay.h> won't work as designed"
Finished building: ../adc.c
 
Building file: ../lcd.c
Invoking: AVR Compiler
avr-gcc -Wall -g2 -gstabs -O0 -fpack-struct -fshort-enums -ffunction-sections -fdata-sections -std=gnu99 -funsigned-char -funsigned-bitfields -mmcu=atmega16 -DF_CPU=1000000UL -MMD -MP -MF"lcd.d" -MT"lcd.d" -c -o "lcd.o" "../lcd.c"
In file included from ../micro_config.h:22,
                 from ../lcd.h:18,
                 from ../lcd.c:13:
c:/winavr-20100110/lib/gcc/../../avr/include/util/delay.h:90:3: warning: #warning "Compiler optimizations disabled; functions from <util/delay.h> won't work as designed"
../lcd.c: In function 'LCD_intgerToString':
../lcd.c:107: warning: implicit declaration of function 'itoa'
Finished building: ../lcd.c
 
Building file: ../temp_sensor.c
Invoking: AVR Compiler
avr-gcc -Wall -g2 -gstabs -O0 -fpack-struct -fshort-enums -ffunction-sections -fdata-sections -std=gnu99 -funsigned-char -funsigned-bitfields -mmcu=atmega16 -DF_CPU=1000000UL -MMD -MP -MF"temp_sensor.d" -MT"temp_sensor.d" -c -o "temp_sensor.o" "../temp_sensor.c"
In file included from ../micro_config.h:22,
                 from ../adc.h:16,
                 from ../temp_sensor.c:8:
c:/winavr-20100110/lib/gcc/../../avr/include/util/delay.h:90:3: warning: #warning "Compiler optimizations disabled; functions from <util/delay.h> won't work as designed"
Finished building: ../temp_sensor.c
 
Building target: Challenge_ADC_Interrupts.elf
Invoking: AVR C Linker
avr-gcc -Wl,-Map,Challenge_ADC_Interrupts.map -mmcu=atmega16 -o "Challenge_ADC_Interrupts.elf"  ./adc.o ./lcd.o ./temp_sensor.o   
Finished building target: Challenge_ADC_Interrupts.elf
 
Invoking: AVR Create Extended Listing
avr-objdump -h -S Challenge_ADC_Interrupts.elf  >"Challenge_ADC_Interrupts.lss"
Finished building: Challenge_ADC_Interrupts.lss
 
Invoking: Print Size
avr-size --format=avr --mcu=atmega16 Challenge_ADC_Interrupts.elf
AVR Memory Usage
----------------
Device: atmega16

Program:    6988 bytes (42.7% Full)
(.text + .data + .bootloader)

Data:        274 bytes (26.8% Full)
(.data + .bss + .noinit)


Finished building: sizedummy
 
01:16:36 **** Incremental Build of configuration Debug for project Potentiometer_Example ****
make all 
Building file: ../adc.c
Invoking: AVR Compiler
avr-gcc -Wall -g2 -gstabs -O0 -fpack-struct -fshort-enums -ffunction-sections -fdata-sections -std=gnu99 -funsigned-char -funsigned-bitfields -mmcu=atmega16 -DF_CPU=1000000UL -MMD -MP -MF"adc.d" -MT"adc.d" -c -o "adc.o" "../adc.c"
In file included from ../micro_config.h:22,
                 from ../adc.h:16,
                 from ../adc.c:13:
c:/winavr-20100110/lib/gcc/../../avr/include/util/delay.h:90:3: warning: #warning "Compiler optimizations disabled; functions from <util/delay.h> won't work as designed"
Finished building: ../adc.c
 
Building file: ../lcd.c
Invoking: AVR Compiler
avr-gcc -Wall -g2 -gstabs -O0 -fpack-struct -fshort-enums -ffunction-sections -fdata-sections -std=gnu99 -funsigned-char -funsigned-bitfields -mmcu=atmega16 -DF_CPU=1000000UL -MMD -MP -MF"lcd.d" -MT"lcd.d" -c -o "lcd.o" "../lcd.c"
In file included from ../micro_config.h:22,
                 from ../lcd.h:18,
                 from ../lcd.c:13:
c:/winavr-20100110/lib/gcc/../../avr/include/util/delay.h:90:3: warning: #warning "Compiler optimizations disabled; functions from <util/delay.h> won't work as designed"
../lcd.c: In function 'LCD_intgerToString':
../lcd.c:107: warning: implicit declaration of function 'itoa'
Finished building: ../lcd.c
 
Building file: ../potentiometer.c
Invoking: AVR Compiler
avr-gcc -Wall -g2 -gstabs -O0 -fpack-struct -fshort-enums -ffunction-sections -fdata-sections -std=gnu99 -funsigned-char -funsigned-bitfields -mmcu=atmega16 -DF_CPU=1000000UL -MMD -MP -MF"potentiometer.d" -MT"potentiometer.d" -c -o "potentiometer.o" "../potentiometer.c"
In file included from ../micro_config.h:22,
                 from ../adc.h:16,
                 from ../potentiometer.c:8:
c:/winavr-20100110/lib/gcc/../../avr/include/util/delay.h:90:3: warning: #warning "Compiler optimizations disabled; functions from <util/delay.h> won't work as designed"
Finished building: ../potentiometer.c
 
Building target: Potentiometer_Example.elf
Invoking: AVR C Linker
avr-gcc -Wl,-Map,Potentiometer_Example.map -mmcu=atmega16 -o "Potentiometer_Example.elf"  ./adc.o ./lcd.o ./potentiometer.o   
Finished building target: Potentiometer_Example.elf
 
Invoking: AVR Create Extended Listing
avr-objdump -h -S Potentiometer_Example.elf  >"Potentiometer_Example.lss"
Finished building: Potentiometer_Example.lss
 
Invoking: Print Size
avr-size --format=avr --mcu=atmega16 Potentiometer_Example.elf
AVR Memory Usage
----------------
Device: atmega16

Program:    5780 bytes (35.3% Full)
(.text + .data + .bootloader)

Data:         22 bytes (2.1% Full)
(.data + .bss + .noinit)


Finished building: sizedummy
 
01:16:37 **** Incremental Build of configuration Debug for project Temp_Sensor_Example ****
make all 
Invoking: Print Size
avr-size --format=avr --mcu=atmega16 Temp_Sensor_Example.elf
AVR Memory Usage
----------------
Device: atmega16

Program:    6942 bytes (42.4% Full)
(.text + .data + .bootloader)

Data:        272 bytes (26.6% Full)
(.data + .bss + .noinit)


Finished building: sizedummy
 
