16:33:04 **** Incremental Build of configuration Debug for project traffic ****
make all 
Building file: ../main.c
Invoking: AVR Compiler
avr-gcc -Wall -g2 -gstabs -O0 -fpack-struct -fshort-enums -ffunction-sections -fdata-sections -std=gnu99 -funsigned-char -funsigned-bitfields -mmcu=atmega16 -DF_CPU=1000000UL -MMD -MP -MF"main.d" -MT"main.o" -c -o "main.o" "../main.c"
In file included from ../main.c:10:
c:/winavr-20100110/lib/gcc/../../avr/include/util/delay.h:90:3: warning: #warning "Compiler optimizations disabled; functions from <util/delay.h> won't work as designed"
Finished building: ../main.c
 
Building target: traffic.elf
Invoking: AVR C Linker
avr-gcc -Wl,-Map,traffic.map -mmcu=atmega16 -o "traffic.elf"  ./main.o ./timer.o   
Finished building target: traffic.elf
 
Invoking: AVR Create Extended Listing
avr-objdump -h -S traffic.elf  >"traffic.lss"
Finished building: traffic.lss
 
Invoking: Print Size
avr-size --format=avr --mcu=atmega16 traffic.elf
AVR Memory Usage
----------------
Device: atmega16

Program:    6208 bytes (37.9% Full)
(.text + .data + .bootloader)

Data:         19 bytes (1.9% Full)
(.data + .bss + .noinit)


Finished building: sizedummy
 

16:33:05 Build Finished. 0 errors, 1 warnings. (took 523ms)

