01:15:51 **** Incremental Build of configuration Debug for project Exercise2 ****
make all 
Building file: ../Exercise2.c
Invoking: AVR Compiler
avr-gcc -Wall -g2 -gstabs -O0 -fpack-struct -fshort-enums -ffunction-sections -fdata-sections -std=gnu99 -funsigned-char -funsigned-bitfields -mmcu=atmega16 -DF_CPU=1000000UL -MMD -MP -MF"Exercise2.d" -MT"Exercise2.d" -c -o "Exercise2.o" "../Exercise2.c"
In file included from ../micro_config.h:22,
                 from ../lcd.h:18,
                 from ../Exercise2.c:8:
c:/winavr-20100110/lib/gcc/../../avr/include/util/delay.h:90:3: warning: #warning "Compiler optimizations disabled; functions from <util/delay.h> won't work as designed"
Finished building: ../Exercise2.c
 
Building file: ../lcd.c
Invoking: AVR Compiler
avr-gcc -Wall -g2 -gstabs -O0 -fpack-struct -fshort-enums -ffunction-sections -fdata-sections -std=gnu99 -funsigned-char -funsigned-bitfields -mmcu=atmega16 -DF_CPU=1000000UL -MMD -MP -MF"lcd.d" -MT"lcd.d" -c -o "lcd.o" "../lcd.c"
In file included from ../micro_config.h:22,
                 from ../lcd.h:18,
                 from ../lcd.c:13:
c:/winavr-20100110/lib/gcc/../../avr/include/util/delay.h:90:3: warning: #warning "Compiler optimizations disabled; functions from <util/delay.h> won't work as designed"
../lcd.c: In function 'LCD_intgerToString':
../lcd.c:107: warning: implicit declaration of function 'itoa'
Finished building: ../lcd.c
 
Building target: Exercise2.elf
Invoking: AVR C Linker
avr-gcc -Wl,-Map,Exercise2.map -mmcu=atmega16 -o "Exercise2.elf"  ./Exercise2.o ./lcd.o   
Finished building target: Exercise2.elf
 
Invoking: AVR Create Extended Listing
avr-objdump -h -S Exercise2.elf  >"Exercise2.lss"
Finished building: Exercise2.lss
 
Invoking: Print Size
avr-size --format=avr --mcu=atmega16 Exercise2.elf
AVR Memory Usage
----------------
Device: atmega16

Program:    5936 bytes (36.2% Full)
(.text + .data + .bootloader)

Data:         58 bytes (5.7% Full)
(.data + .bss + .noinit)


Finished building: sizedummy
 

01:15:51 Build Finished (took 570ms)

