01:17:29 **** Build of configuration Debug for project Exercise2_MC1 ****
make all 
Building file: ../MC1.c
Invoking: AVR Compiler
avr-gcc -Wall -g2 -gstabs -O0 -fpack-struct -fshort-enums -ffunction-sections -fdata-sections -std=gnu99 -funsigned-char -funsigned-bitfields -mmcu=atmega16 -DF_CPU=1000000UL -MMD -MP -MF"MC1.d" -MT"MC1.d" -c -o "MC1.o" "../MC1.c"
In file included from ../micro_config.h:22,
                 from ../spi.h:17,
                 from ../MC1.c:8:
c:/winavr-20100110/lib/gcc/../../avr/include/util/delay.h:90:3: warning: #warning "Compiler optimizations disabled; functions from <util/delay.h> won't work as designed"
../MC1.c: In function 'main':
../MC1.c:14: warning: implicit declaration of function 'SPI_SendString'
Finished building: ../MC1.c
 
Building file: ../spi.c
Invoking: AVR Compiler
avr-gcc -Wall -g2 -gstabs -O0 -fpack-struct -fshort-enums -ffunction-sections -fdata-sections -std=gnu99 -funsigned-char -funsigned-bitfields -mmcu=atmega16 -DF_CPU=1000000UL -MMD -MP -MF"spi.d" -MT"spi.d" -c -o "spi.o" "../spi.c"
In file included from ../micro_config.h:22,
                 from ../spi.h:17,
                 from ../spi.c:13:
c:/winavr-20100110/lib/gcc/../../avr/include/util/delay.h:90:3: warning: #warning "Compiler optimizations disabled; functions from <util/delay.h> won't work as designed"
Finished building: ../spi.c
 
Building target: Exercise2_MC1.elf
Invoking: AVR C Linker
avr-gcc -Wl,-Map,Exercise2_MC1.map -mmcu=atmega16 -o "Exercise2_MC1.elf"  ./MC1.o ./spi.o   
Finished building target: Exercise2_MC1.elf
 
Invoking: AVR Create Extended Listing
avr-objdump -h -S Exercise2_MC1.elf  >"Exercise2_MC1.lss"
Finished building: Exercise2_MC1.lss
 
Invoking: Print Size
avr-size --format=avr --mcu=atmega16 Exercise2_MC1.elf
AVR Memory Usage
----------------
Device: atmega16

Program:    3708 bytes (22.6% Full)
(.text + .data + .bootloader)

Data:         22 bytes (2.1% Full)
(.data + .bss + .noinit)


Finished building: sizedummy
 

01:17:30 Build Finished (took 880ms)

