01:17:30 **** Build of configuration Debug for project Exercise2_MC2 ****
make all 
Building file: ../MC2.c
Invoking: AVR Compiler
avr-gcc -Wall -g2 -gstabs -O0 -fpack-struct -fshort-enums -ffunction-sections -fdata-sections -std=gnu99 -funsigned-char -funsigned-bitfields -mmcu=atmega16 -DF_CPU=1000000UL -MMD -MP -MF"MC2.d" -MT"MC2.d" -c -o "MC2.o" "../MC2.c"
In file included from ../micro_config.h:22,
                 from ../spi.h:17,
                 from ../MC2.c:8:
c:/winavr-20100110/lib/gcc/../../avr/include/util/delay.h:90:3: warning: #warning "Compiler optimizations disabled; functions from <util/delay.h> won't work as designed"
../MC2.c: In function 'main':
../MC2.c:18: warning: implicit declaration of function 'SPI_ReceiveString'
../MC2.c:20: warning: pointer targets in passing argument 1 of 'LCD_displayString' differ in signedness
Finished building: ../MC2.c
 
Building file: ../lcd.c
Invoking: AVR Compiler
avr-gcc -Wall -g2 -gstabs -O0 -fpack-struct -fshort-enums -ffunction-sections -fdata-sections -std=gnu99 -funsigned-char -funsigned-bitfields -mmcu=atmega16 -DF_CPU=1000000UL -MMD -MP -MF"lcd.d" -MT"lcd.d" -c -o "lcd.o" "../lcd.c"
In file included from ../micro_config.h:22,
                 from ../lcd.h:18,
                 from ../lcd.c:13:
c:/winavr-20100110/lib/gcc/../../avr/include/util/delay.h:90:3: warning: #warning "Compiler optimizations disabled; functions from <util/delay.h> won't work as designed"
../lcd.c: In function 'LCD_intgerToString':
../lcd.c:107: warning: implicit declaration of function 'itoa'
Finished building: ../lcd.c
 
Building file: ../spi.c
Invoking: AVR Compiler
avr-gcc -Wall -g2 -gstabs -O0 -fpack-struct -fshort-enums -ffunction-sections -fdata-sections -std=gnu99 -funsigned-char -funsigned-bitfields -mmcu=atmega16 -DF_CPU=1000000UL -MMD -MP -MF"spi.d" -MT"spi.d" -c -o "spi.o" "../spi.c"
In file included from ../micro_config.h:22,
                 from ../spi.h:17,
                 from ../spi.c:13:
c:/winavr-20100110/lib/gcc/../../avr/include/util/delay.h:90:3: warning: #warning "Compiler optimizations disabled; functions from <util/delay.h> won't work as designed"
Finished building: ../spi.c
 
Building target: Exercise2_MC2.elf
Invoking: AVR C Linker
avr-gcc -Wl,-Map,Exercise2_MC2.map -mmcu=atmega16 -o "Exercise2_MC2.elf"  ./MC2.o ./lcd.o ./spi.o   
Finished building target: Exercise2_MC2.elf
 
Invoking: AVR Create Extended Listing
avr-objdump -h -S Exercise2_MC2.elf  >"Exercise2_MC2.lss"
Finished building: Exercise2_MC2.lss
 
Invoking: Print Size
avr-size --format=avr --mcu=atmega16 Exercise2_MC2.elf
AVR Memory Usage
----------------
Device: atmega16

Program:    6056 bytes (37.0% Full)
(.text + .data + .bootloader)

Data:          8 bytes (0.8% Full)
(.data + .bss + .noinit)


Finished building: sizedummy
 

01:17:31 Build Finished (took 702ms)

