01:17:04 **** Incremental Build of configuration Debug for project Exercise1 ****
make all 
Building file: ../Exercise1.c
Invoking: AVR Compiler
avr-gcc -Wall -g2 -gstabs -O0 -fpack-struct -fshort-enums -ffunction-sections -fdata-sections -std=gnu99 -funsigned-char -funsigned-bitfields -mmcu=atmega16 -DF_CPU=1000000UL -MMD -MP -MF"Exercise1.d" -MT"Exercise1.d" -c -o "Exercise1.o" "../Exercise1.c"
In file included from ../micro_config.h:22,
                 from ../uart.h:16,
                 from ../Exercise1.c:8:
c:/winavr-20100110/lib/gcc/../../avr/include/util/delay.h:90:3: warning: #warning "Compiler optimizations disabled; functions from <util/delay.h> won't work as designed"
../Exercise1.c: In function 'main':
../Exercise1.c:12: warning: unused variable 'Str'
Finished building: ../Exercise1.c
 
Building file: ../uart.c
Invoking: AVR Compiler
avr-gcc -Wall -g2 -gstabs -O0 -fpack-struct -fshort-enums -ffunction-sections -fdata-sections -std=gnu99 -funsigned-char -funsigned-bitfields -mmcu=atmega16 -DF_CPU=1000000UL -MMD -MP -MF"uart.d" -MT"uart.d" -c -o "uart.o" "../uart.c"
In file included from ../micro_config.h:22,
                 from ../uart.h:16,
                 from ../uart.c:13:
c:/winavr-20100110/lib/gcc/../../avr/include/util/delay.h:90:3: warning: #warning "Compiler optimizations disabled; functions from <util/delay.h> won't work as designed"
Finished building: ../uart.c
 
Building target: Exercise1.elf
Invoking: AVR C Linker
avr-gcc -Wl,-Map,Exercise1.map -mmcu=atmega16 -o "Exercise1.elf"  ./Exercise1.o ./uart.o   
Finished building target: Exercise1.elf
 
Invoking: AVR Create Extended Listing
avr-objdump -h -S Exercise1.elf  >"Exercise1.lss"
Finished building: Exercise1.lss
 
Invoking: Print Size
avr-size --format=avr --mcu=atmega16 Exercise1.elf
AVR Memory Usage
----------------
Device: atmega16

Program:     494 bytes (3.0% Full)
(.text + .data + .bootloader)

Data:          0 bytes (0.0% Full)
(.data + .bss + .noinit)


Finished building: sizedummy
 

01:17:04 Build Finished (took 532ms)

