18:30:21 **** Incremental Build of configuration Debug for project Exercise5 ****
make all 
Building file: ../exercise5.c
Invoking: AVR Compiler
avr-gcc -Wall -g2 -gstabs -O0 -fpack-struct -fshort-enums -ffunction-sections -fdata-sections -std=gnu99 -funsigned-char -funsigned-bitfields -mmcu=atmega16 -DF_CPU=8000000UL -MMD -MP -MF"exercise5.d" -MT"exercise5.d" -c -o "exercise5.o" "../exercise5.c"
In file included from ../exercise5.c:9:
c:/winavr-20100110/lib/gcc/../../avr/include/util/delay.h:90:3: warning: #warning "Compiler optimizations disabled; functions from <util/delay.h> won't work as designed"
Finished building: ../exercise5.c
 
Building target: Exercise5.elf
Invoking: AVR C Linker
avr-gcc -Wl,-Map,Exercise5.map -mmcu=atmega16 -o "Exercise5.elf"  ./exercise5.o   
Finished building target: Exercise5.elf
 
Invoking: AVR Create Extended Listing
avr-objdump -h -S Exercise5.elf  >"Exercise5.lss"
Finished building: Exercise5.lss
 
Invoking: Print Size
avr-size --format=avr --mcu=atmega16 Exercise5.elf
AVR Memory Usage
----------------
Device: atmega16

Program:    3808 bytes (23.2% Full)
(.text + .data + .bootloader)

Data:          8 bytes (0.8% Full)
(.data + .bss + .noinit)


Finished building: sizedummy
 

18:30:21 Build Finished (took 587ms)

